--------------- Build Started: 02/11/2026 10:52:48 Project: PSoC42rs, Configuration: ARM GCC 5.4-2016-q2-update Debug ---------------
cydsfit.exe -.appdatapath "C:\Users\jzapn\AppData\Local\Cypress Semiconductor\PSoC Creator\4.4" -.fdsnotice -.fdswarpdepfile=warp_dependencies.txt -.fdselabdepfile=elab_dependencies.txt -.fdsbldfile=generated_files.txt -.fdsreffile=referenced_files.txt -p D:\EE\GitHub\PSoC42xxRust\PSoC42rs.cydsn\PSoC42rs.cyprj -d CY8C4245AXI-483 -s D:\EE\GitHub\PSoC42xxRust\PSoC42rs.cydsn\Generated_Source\PSoC4 -- -yv2 -q10 -ygs -o2 -v3 -.fftcfgtype=LE
Elaborating Design...
ADD: sdb.M0061: information: Info from component: ADC_SAR_Seq. The actual sample rate (1736 SPS) differs from the desired sample rate (1500 SPS) due to the clock configuration in the DWR.
 * D:\EE\GitHub\PSoC42xxRust\PSoC42rs.cydsn\TopDesign\TopDesign.cysch (Instance:ADC_SAR_Seq)
HDL Generation...
Synthesis...
Tech Mapping...
Analog Placement...
Analog Routing...
Analog Code Generation...
Digital Placement...
Digital Routing...
Bitstream Generation...
Bitstream Verification...
Static timing analysis...
API Generation...
Dependency Generation...
Cleanup...
rustbuild.bat 
Building rust_project from workspace...
       Fresh unicode-ident v1.0.22
       Fresh glob v0.3.3
       Fresh semver-parser v0.7.0
       Fresh memchr v2.8.0
       Fresh minimal-lexical v0.2.1
       Fresh regex-syntax v0.8.9
       Fresh windows-link v0.2.1
       Fresh either v1.15.0
       Fresh cfg-if v1.0.4
       Fresh shlex v1.3.0
       Fresh log v0.4.29
       Fresh rustc-hash v2.1.1
       Fresh nb v1.1.0
       Fresh bitflags v2.10.0
       Fresh critical-section v1.2.0
       Fresh proc-macro2 v1.0.106
       Fresh semver v0.9.0
       Fresh nom v7.1.3
       Fresh regex-automata v0.4.14
       Fresh libloading v0.8.9
       Fresh itertools v0.13.0
       Fresh nb v0.1.3
       Fresh void v1.0.2
       Fresh az v1.3.0
       Fresh bytemuck v1.25.0
       Fresh byteorder v1.5.0
       Fresh vcell v0.1.3
       Fresh bitfield v0.13.2
       Fresh local_static v0.1.1
       Fresh stable_deref_trait v1.2.1
       Fresh quote v1.0.40
       Fresh libc v0.2.180
       Fresh rustc_version v0.2.3
       Fresh regex v1.12.3
       Fresh cexpr v0.6.0
       Fresh typenum v1.19.0
       Fresh hash32 v0.3.1
       Fresh portable-atomic v1.13.1
       Fresh volatile-register v0.2.2
       Fresh embedded-hal v0.2.7
       Fresh cty v0.2.2
       Fresh syn v2.0.114
       Fresh clang-sys v1.8.1
       Fresh heapless v0.9.2
       Fresh static_cell v2.1.1
       Fresh zerocopy-derive v0.8.39
       Fresh prettyplease v0.2.37
       Fresh bitfield-struct v0.11.0
       Fresh zerocopy v0.8.39
       Fresh bindgen v0.72.1
       Fresh bare-metal v0.2.5
       Fresh half v2.7.1
       Fresh cortex-m v0.7.7
       Fresh fixed v1.30.0
       Dirty rust_project v1.0.0 (D:\EE\GitHub\PSoC42xxRust\PSoC42rs.cydsn\rust_project): the file `rust_project\linker_script.ld` is missing
   Compiling rust_project v1.0.0 (D:\EE\GitHub\PSoC42xxRust\PSoC42rs.cydsn\rust_project)
       Fresh rust_core v0.1.0 (D:\EE\GitHub\PSoC42xxRust\PSoC42rs.cydsn\rust_core)
warning: unused import: `local_static::LocalStatic`
 --> rust_core\src\encoder_core.rs:3:5
  |
3 | use local_static::LocalStatic;
  |     ^^^^^^^^^^^^^^^^^^^^^^^^^
  |
  = note: `#[warn(unused_imports)]` (part of `#[warn(unused)]`) on by default
warning: constant `SCALE_24MS` is never used
  --> rust_core\src\encoder_core.rs:12:7
   |
12 | const SCALE_24MS: I32F32 = I32F32::from_bits(178957); //1/24000 -> 0.0416666667
   |       ^^^^^^^^^^
   |
   = note: `#[warn(dead_code)]` (part of `#[warn(unused)]`) on by default
warning: associated function `check` is never used
  --> rust_core\src\utils_core.rs:13:14
   |
12 | impl<T: Copy, const N: usize> RingBuf<T, N> {
   | ------------------------------------------- associated function in this implementation
13 |     const fn check() {
   |              ^^^^^
     Running `D:\EE\GitHub\PSoC42xxRust\PSoC42rs.cydsn\target\release\build\rust_project-fcd8c2f7ff15b8a7\build-script-build`
warning: `rust_core` (lib) generated 3 warnings (run `cargo fix --lib -p rust_core` to apply 1 suggestion)
warning: rust_project@1.0.0: Using PSoC GNU path: C:\Program Files (x86)\Cypress\PSoC Creator\4.4\PSoC Creator\import\gnu\arm\5.4.1
warning: rust_project@1.0.0: Using LIBCLANG path: C:\Program Files\LLVM\bin
warning: rust_project@1.0.0: Bindings generated successfully
     Running `C:\Users\jzapn\.rustup\toolchains\stable-x86_64-pc-windows-msvc\bin\rustc.exe --crate-name rust_project --edition=2021 rust_project\src\lib.rs --error-format=json --json=diagnostic-rendered-ansi,artifacts,future-incompat --crate-type staticlib --emit=dep-info,link -C opt-level=z -C lto -C debuginfo=2 --check-cfg cfg(docsrs,test) --check-cfg "cfg(feature, values())" -C metadata=6b2b98472f31a056 -C extra-filename=-1e2dc31f622654e1 --out-dir D:\EE\GitHub\PSoC42xxRust\PSoC42rs.cydsn\target\thumbv6m-none-eabi\release\deps --target thumbv6m-none-eabi -L dependency=D:\EE\GitHub\PSoC42xxRust\PSoC42rs.cydsn\target\thumbv6m-none-eabi\release\deps -L dependency=D:\EE\GitHub\PSoC42xxRust\PSoC42rs.cydsn\target\release\deps --extern bitfield_struct=D:\EE\GitHub\PSoC42xxRust\PSoC42rs.cydsn\target\release\deps\bitfield_struct-8a263b0f5b14556e.dll --extern cortex_m=D:\EE\GitHub\PSoC42xxRust\PSoC42rs.cydsn\target\thumbv6m-none-eabi\release\deps\libcortex_m-8e6771b2f287cff6.rlib --extern cty=D:\EE\GitHub\PSoC42xxRust\PSoC42rs.cydsn\target\thumbv6m-none-eabi\release\deps\libcty-06b86838fa8b4c49.rlib --extern fixed=D:\EE\GitHub\PSoC42xxRust\PSoC42rs.cydsn\target\thumbv6m-none-eabi\release\deps\libfixed-1b31d257a70ee6d7.rlib --extern heapless=D:\EE\GitHub\PSoC42xxRust\PSoC42rs.cydsn\target\thumbv6m-none-eabi\release\deps\libheapless-912668a6734e83cd.rlib --extern local_static=D:\EE\GitHub\PSoC42xxRust\PSoC42rs.cydsn\target\thumbv6m-none-eabi\release\deps\liblocal_static-01d51cd4844b813f.rlib --extern portable_atomic=D:\EE\GitHub\PSoC42xxRust\PSoC42rs.cydsn\target\thumbv6m-none-eabi\release\deps\libportable_atomic-f0f850c3c2c9013e.rlib --extern rust_core=D:\EE\GitHub\PSoC42xxRust\PSoC42rs.cydsn\target\thumbv6m-none-eabi\release\deps\librust_core-4817805b7502015b.rlib --extern static_cell=D:\EE\GitHub\PSoC42xxRust\PSoC42rs.cydsn\target\thumbv6m-none-eabi\release\deps\libstatic_cell-53bde274368a5b37.rlib -L D:\EE\GitHub\PSoC42xxRust\PSoC42rs.cydsn\target\thumbv6m-none-eabi\release\build\cortex-m-6eceed8a9a2a1029\out -C link-arg=-Tlink.x -C link-arg=-nostartfiles -C link-arg=-Tlinker_script.ld`
warning: unused imports: `FixedI32`, `consts`, and `types::I32F32`
 --> rust_project\src\Config.rs:1:13
  |
1 | use fixed::{consts, types::I16F16, types::I32F32, FixedI32};
  |             ^^^^^^                 ^^^^^^^^^^^^^  ^^^^^^^^
  |
  = note: `#[warn(unused_imports)]` (part of `#[warn(unused)]`) on by default
warning: unused imports: `IirFilter` and `RingBuf`
 --> rust_project\src\encoder.rs:3:20
  |
3 | use crate::utils::{IirFilter, RingBuf};
  |                    ^^^^^^^^^  ^^^^^^^
warning: unused import: `crate::Xaxis`
 --> rust_project\src\encoder.rs:5:5
  |
5 | use crate::Xaxis;
  |     ^^^^^^^^^^^^
warning: unused import: `crate::SYS`
 --> rust_project\src\encoder.rs:6:5
  |
6 | use crate::SYS;
  |     ^^^^^^^^^^
warning: unused import: `bitfield_struct::bitfield`
 --> rust_project\src\encoder.rs:7:5
  |
7 | use bitfield_struct::bitfield;
  |     ^^^^^^^^^^^^^^^^^^^^^^^^^
warning: unused imports: `FixedI32`, `consts`, and `types::I32F32`
 --> rust_project\src\encoder.rs:8:13
  |
8 | use fixed::{consts, types::I16F16, types::I32F32, FixedI32};
  |             ^^^^^^                 ^^^^^^^^^^^^^  ^^^^^^^^
warning: unused import: `Encoder`
 --> rust_project\src\encoder.rs:9:31
  |
9 | use rust_core::encoder_core::{Encoder, EncoderOps};
  |                               ^^^^^^^
warning: unused import: `ffi::*`
 --> rust_project\src\motor.rs:4:5
  |
4 | use ffi::*;
  |     ^^^^^^
warning: unused imports: `FixedI32`, `consts`, and `types::I32F32`
 --> rust_project\src\motor.rs:5:13
  |
5 | use fixed::{consts, types::I16F16, types::I32F32, FixedI32};
  |             ^^^^^^                 ^^^^^^^^^^^^^  ^^^^^^^^
warning: unused import: `ffi::*`
 --> rust_project\src\serial.rs:9:5
  |
9 | use ffi::*;
  |     ^^^^^^
warning: unused import: `bitfield_struct::bitfield`
 --> rust_project\src\sys.rs:4:5
  |
4 | use bitfield_struct::bitfield;
  |     ^^^^^^^^^^^^^^^^^^^^^^^^^
warning: unused import: `core::num::Wrapping`
 --> rust_project\src\utils.rs:1:5
  |
1 | use core::num::Wrapping;
  |     ^^^^^^^^^^^^^^^^^^^
warning: unused import: `core::ops::Sub`
 --> rust_project\src\utils.rs:2:5
  |
2 | use core::ops::Sub;
  |     ^^^^^^^^^^^^^^
warning: unused imports: `FixedI32`, `consts`, and `types::I32F32`
 --> rust_project\src\utils.rs:3:13
  |
3 | use fixed::{consts, types::I16F16, types::I32F32, FixedI32};
  |             ^^^^^^                 ^^^^^^^^^^^^^  ^^^^^^^^
warning: variable does not need to be mutable
  --> rust_project\src\lib.rs:60:9
   |
60 |     let mut led = LED_CTRL::new();
   |         ----^^^
   |         |
   |         help: remove this `mut`
   |
   = note: `#[warn(unused_mut)]` (part of `#[warn(unused)]`) on by default
warning: variable does not need to be mutable
  --> rust_project\src\lib.rs:90:9
   |
90 |     let mut print_cnt: u32 = 0;
   |         ----^^^^^^^^^
   |         |
   |         help: remove this `mut`
warning: unused variable: `led`
  --> rust_project\src\lib.rs:60:9
   |
60 |     let mut led = LED_CTRL::new();
   |         ^^^^^^^ help: if this is intentional, prefix it with an underscore: `_led`
   |
   = note: `#[warn(unused_variables)]` (part of `#[warn(unused)]`) on by default
warning: unused variable: `print_cnt`
  --> rust_project\src\lib.rs:90:9
   |
90 |     let mut print_cnt: u32 = 0;
   |         ^^^^^^^^^^^^^ help: if this is intentional, prefix it with an underscore: `_print_cnt`
warning: function `counts_to_theta` is never used
  --> rust_project\src\encoder.rs:44:4
   |
44 | fn counts_to_theta(counts: i32) -> I16F16 {
   |    ^^^^^^^^^^^^^^^
   |
   = note: `#[warn(dead_code)]` (part of `#[warn(unused)]`) on by default
warning: enum `DebugPrint` is never used
  --> rust_project\src\serial.rs:30:6
   |
30 | enum DebugPrint {
   |      ^^^^^^^^^^
warning: function `uart_send_u32_decimal_padded` is never used
   --> rust_project\src\serial.rs:178:4
    |
178 | fn uart_send_u32_decimal_padded(value: u32, width: u8) {
    |    ^^^^^^^^^^^^^^^^^^^^^^^^^^^^
warning: associated constant `check` is never used
  --> rust_project\src\utils.rs:34:11
   |
33 | impl<T: Copy, const N: usize> RingBuf<T, N> {
   | ------------------------------------------- associated constant in this implementation
34 |     const check: () = assert!(N.is_power_of_two());
   |           ^^^^^
warning: `rust_project` (lib) generated 22 warnings (run `cargo fix --lib -p rust_project` to apply 18 suggestions)
    Finished `release` profile [optimized + debuginfo] target(s) in 3.24s
============================================
Build completed successfully
============================================
Output: target\thumbv6m-none-eabi\release\rust_project.elf
arm-none-eabi-gcc.exe -mcpu=cortex-m0 -mthumb -I. -IGenerated_Source\PSoC4 -Wa,-alh=.\CortexM0\ARM_GCC_541\Debug/main.lst -g -D DEBUG -Wall -ffunction-sections -ffat-lto-objects -O0 -c main.c -o .\CortexM0\ARM_GCC_541\Debug\main.o
arm-none-eabi-gcc.exe -mcpu=cortex-m0 -mthumb -I. -IGenerated_Source\PSoC4 -Wa,-alh=.\CortexM0\ARM_GCC_541\Debug/bindgen_wrappers.lst -g -D DEBUG -Wall -ffunction-sections -ffat-lto-objects -O0 -c bindgen_wrappers.c -o .\CortexM0\ARM_GCC_541\Debug\bindgen_wrappers.o
arm-none-eabi-gcc.exe -mcpu=cortex-m0 -mthumb -I. -IGenerated_Source\PSoC4 -Wa,-alh=.\CortexM0\ARM_GCC_541\Debug/Pulser_tmr.lst -g -D DEBUG -Wall -ffunction-sections -ffat-lto-objects -O0 -c Generated_Source\PSoC4\Pulser_tmr.c -o .\CortexM0\ARM_GCC_541\Debug\Pulser_tmr.o
arm-none-eabi-gcc.exe -mcpu=cortex-m0 -mthumb -I. -IGenerated_Source\PSoC4 -Wa,-alh=.\CortexM0\ARM_GCC_541\Debug/Pulser_tmr_PM.lst -g -D DEBUG -Wall -ffunction-sections -ffat-lto-objects -O0 -c Generated_Source\PSoC4\Pulser_tmr_PM.c -o .\CortexM0\ARM_GCC_541\Debug\Pulser_tmr_PM.o
arm-none-eabi-ar.exe -rs .\CortexM0\ARM_GCC_541\Debug\PSoC42rs.a .\CortexM0\ARM_GCC_541\Debug\BTN.o .\CortexM0\ARM_GCC_541\Debug\BTN_PM.o .\CortexM0\ARM_GCC_541\Debug\LED.o .\CortexM0\ARM_GCC_541\Debug\LED_PM.o .\CortexM0\ARM_GCC_541\Debug\LchA.o .\CortexM0\ARM_GCC_541\Debug\LchA_PM.o .\CortexM0\ARM_GCC_541\Debug\StepReg.o .\CortexM0\ARM_GCC_541\Debug\StepReg_PM.o .\CortexM0\ARM_GCC_541\Debug\DIR.o .\CortexM0\ARM_GCC_541\Debug\DIR_PM.o .\CortexM0\ARM_GCC_541\Debug\EN.o .\CortexM0\ARM_GCC_541\Debug\EN_PM.o .\CortexM0\ARM_GCC_541\Debug\clkA.o .\CortexM0\ARM_GCC_541\Debug\ISR_Pulser.o .\CortexM0\ARM_GCC_541\Debug\UART.o .\CortexM0\ARM_GCC_541\Debug\UART_SPI_UART.o .\CortexM0\ARM_GCC_541\Debug\UART_SPI_UART_INT.o .\CortexM0\ARM_GCC_541\Debug\UART_PM.o .\CortexM0\ARM_GCC_541\Debug\UART_UART.o .\CortexM0\ARM_GCC_541\Debug\UART_BOOT.o .\CortexM0\ARM_GCC_541\Debug\UART_UART_BOOT.o .\CortexM0\ARM_GCC_541\Debug\DecL.o .\CortexM0\ARM_GCC_541\Debug\DecL_PM.o .\CortexM0\ARM_GCC_541\Debug\EN_GND.o .\CortexM0\ARM_GCC_541\Debug\EN_GND_PM.o .\CortexM0\ARM_GCC_541\Debug\I2CS.o .\CortexM0\ARM_GCC_541\Debug\I2CS_I2C_INT.o .\CortexM0\ARM_GCC_541\Debug\I2CS_I2C.o .\CortexM0\ARM_GCC_541\Debug\I2CS_I2C_BOOT.o .\CortexM0\ARM_GCC_541\Debug\I2CS_I2C_SLAVE.o .\CortexM0\ARM_GCC_541\Debug\I2CS_PM.o .\CortexM0\ARM_GCC_541\Debug\I2CS_BOOT.o .\CortexM0\ARM_GCC_541\Debug\Pulser_tmr.o .\CortexM0\ARM_GCC_541\Debug\Pulser_tmr_PM.o .\CortexM0\ARM_GCC_541\Debug\IDAC.o .\CortexM0\ARM_GCC_541\Debug\IDAC_PM.o .\CortexM0\ARM_GCC_541\Debug\ADC_SAR_Seq.o .\CortexM0\ARM_GCC_541\Debug\ADC_SAR_Seq_PM.o .\CortexM0\ARM_GCC_541\Debug\ADC_SAR_Seq_INT.o .\CortexM0\ARM_GCC_541\Debug\UART_SCBCLK.o .\CortexM0\ARM_GCC_541\Debug\UART_tx.o .\CortexM0\ARM_GCC_541\Debug\UART_tx_PM.o .\CortexM0\ARM_GCC_541\Debug\UART_SCB_IRQ.o .\CortexM0\ARM_GCC_541\Debug\UART_rx.o .\CortexM0\ARM_GCC_541\Debug\UART_rx_PM.o .\CortexM0\ARM_GCC_541\Debug\I2CS_SCBCLK.o .\CortexM0\ARM_GCC_541\Debug\I2CS_sda.o .\CortexM0\ARM_GCC_541\Debug\I2CS_sda_PM.o .\CortexM0\ARM_GCC_541\Debug\I2CS_scl.o .\CortexM0\ARM_GCC_541\Debug\I2CS_scl_PM.o .\CortexM0\ARM_GCC_541\Debug\I2CS_SCB_IRQ.o .\CortexM0\ARM_GCC_541\Debug\ADC_SAR_Seq_IRQ.o .\CortexM0\ARM_GCC_541\Debug\ADC_SAR_Seq_intClock.o .\CortexM0\ARM_GCC_541\Debug\CyFlash.o .\CortexM0\ARM_GCC_541\Debug\CyLib.o .\CortexM0\ARM_GCC_541\Debug\cyPm.o .\CortexM0\ARM_GCC_541\Debug\cyutils.o .\CortexM0\ARM_GCC_541\Debug\CyLFClk.o .\CortexM0\ARM_GCC_541\Debug\cy_em_eeprom.o .\CortexM0\ARM_GCC_541\Debug\ISR_DecL.o .\CortexM0\ARM_GCC_541\Debug\CyBootAsmGnu.o
arm-none-eabi-ar.exe: creating .\CortexM0\ARM_GCC_541\Debug\PSoC42rs.a
arm-none-eabi-gcc.exe -Wl,--start-group -o D:\EE\GitHub\PSoC42xxRust\PSoC42rs.cydsn\CortexM0\ARM_GCC_541\Debug\PSoC42rs.elf .\CortexM0\ARM_GCC_541\Debug\main.o .\CortexM0\ARM_GCC_541\Debug\bindgen_wrappers.o .\CortexM0\ARM_GCC_541\Debug\cyfitter_cfg.o .\CortexM0\ARM_GCC_541\Debug\cymetadata.o .\CortexM0\ARM_GCC_541\Debug\Cm0Start.o .\CortexM0\ARM_GCC_541\Debug\PSoC42rs.a -mcpu=cortex-m0 -mthumb -l rust_project -L Generated_Source\PSoC4 -L .\target\thumbv6m-none-eabi\release -Wl,-Map,.\CortexM0\ARM_GCC_541\Debug/PSoC42rs.map -T Generated_Source\PSoC4\cm0gcc.ld -specs=nano.specs -Wl,--gc-sections -g -ffunction-sections -O0 -ffat-lto-objects -Wl,--end-group
cyelftool.exe -C D:\EE\GitHub\PSoC42xxRust\PSoC42rs.cydsn\CortexM0\ARM_GCC_541\Debug\PSoC42rs.elf --flash_row_size 128 --flash_size 32768 --flash_offset 0x00000000
No ELF section .cychecksum found, creating one
Application checksum calculated and stored in ELF section .cychecksum
Checksum calculated and stored in ELF section .cymeta
cyelftool.exe -S D:\EE\GitHub\PSoC42xxRust\PSoC42rs.cydsn\CortexM0\ARM_GCC_541\Debug\PSoC42rs.elf
Flash used: 18712 of 32768 bytes (57.1%).
SRAM used: 2668 of 4096 bytes (65.1%). Stack: 1024 bytes. Heap: 1024 bytes.
--------------- Build Succeeded: 02/11/2026 10:53:02 ---------------
