--------------- Clean Started: 02/07/2026 09:02:25 Project: PSoC42rs, Configuration: ARM GCC 5.4-2016-q2-update Debug ---------------
Deleting file ".\CortexM0\ARM_GCC_541\Debug\main.o"
Deleting file ".\CortexM0\ARM_GCC_541\Debug\bindgen_wrappers.o"
Deleting file ".\CortexM0\ARM_GCC_541\Debug\cyfitter_cfg.o"
Deleting file ".\CortexM0\ARM_GCC_541\Debug\cymetadata.o"
Deleting file ".\CortexM0\ARM_GCC_541\Debug\BTN.o"
Deleting file ".\CortexM0\ARM_GCC_541\Debug\BTN_PM.o"
Deleting file ".\CortexM0\ARM_GCC_541\Debug\LED.o"
Deleting file ".\CortexM0\ARM_GCC_541\Debug\LED_PM.o"
Deleting file ".\CortexM0\ARM_GCC_541\Debug\StepReg.o"
Deleting file ".\CortexM0\ARM_GCC_541\Debug\StepReg_PM.o"
Deleting file ".\CortexM0\ARM_GCC_541\Debug\EN.o"
Deleting file ".\CortexM0\ARM_GCC_541\Debug\EN_PM.o"
Deleting file ".\CortexM0\ARM_GCC_541\Debug\clkA.o"
Deleting file ".\CortexM0\ARM_GCC_541\Debug\ISR_Pulser.o"
Deleting file ".\CortexM0\ARM_GCC_541\Debug\UART.o"
Deleting file ".\CortexM0\ARM_GCC_541\Debug\UART_SPI_UART.o"
Deleting file ".\CortexM0\ARM_GCC_541\Debug\UART_SPI_UART_INT.o"
Deleting file ".\CortexM0\ARM_GCC_541\Debug\UART_PM.o"
Deleting file ".\CortexM0\ARM_GCC_541\Debug\UART_UART.o"
Deleting file ".\CortexM0\ARM_GCC_541\Debug\UART_BOOT.o"
Deleting file ".\CortexM0\ARM_GCC_541\Debug\UART_UART_BOOT.o"
Deleting file ".\CortexM0\ARM_GCC_541\Debug\EN_GND.o"
Deleting file ".\CortexM0\ARM_GCC_541\Debug\EN_GND_PM.o"
Deleting file ".\CortexM0\ARM_GCC_541\Debug\I2CS.o"
Deleting file ".\CortexM0\ARM_GCC_541\Debug\I2CS_I2C_INT.o"
Deleting file ".\CortexM0\ARM_GCC_541\Debug\I2CS_I2C.o"
Deleting file ".\CortexM0\ARM_GCC_541\Debug\I2CS_I2C_BOOT.o"
Deleting file ".\CortexM0\ARM_GCC_541\Debug\I2CS_I2C_SLAVE.o"
Deleting file ".\CortexM0\ARM_GCC_541\Debug\I2CS_PM.o"
Deleting file ".\CortexM0\ARM_GCC_541\Debug\I2CS_BOOT.o"
Deleting file ".\CortexM0\ARM_GCC_541\Debug\Pulser_tmr.o"
Deleting file ".\CortexM0\ARM_GCC_541\Debug\Pulser_tmr_PM.o"
Deleting file ".\CortexM0\ARM_GCC_541\Debug\IDAC.o"
Deleting file ".\CortexM0\ARM_GCC_541\Debug\IDAC_PM.o"
Deleting file ".\CortexM0\ARM_GCC_541\Debug\ADC_SAR_Seq.o"
Deleting file ".\CortexM0\ARM_GCC_541\Debug\ADC_SAR_Seq_PM.o"
Deleting file ".\CortexM0\ARM_GCC_541\Debug\ADC_SAR_Seq_INT.o"
Deleting file ".\CortexM0\ARM_GCC_541\Debug\UART_SCBCLK.o"
Deleting file ".\CortexM0\ARM_GCC_541\Debug\UART_tx.o"
Deleting file ".\CortexM0\ARM_GCC_541\Debug\UART_tx_PM.o"
Deleting file ".\CortexM0\ARM_GCC_541\Debug\UART_SCB_IRQ.o"
Deleting file ".\CortexM0\ARM_GCC_541\Debug\UART_rx.o"
Deleting file ".\CortexM0\ARM_GCC_541\Debug\UART_rx_PM.o"
Deleting file ".\CortexM0\ARM_GCC_541\Debug\I2CS_SCBCLK.o"
Deleting file ".\CortexM0\ARM_GCC_541\Debug\I2CS_sda.o"
Deleting file ".\CortexM0\ARM_GCC_541\Debug\I2CS_sda_PM.o"
Deleting file ".\CortexM0\ARM_GCC_541\Debug\I2CS_scl.o"
Deleting file ".\CortexM0\ARM_GCC_541\Debug\I2CS_scl_PM.o"
Deleting file ".\CortexM0\ARM_GCC_541\Debug\I2CS_SCB_IRQ.o"
Deleting file ".\CortexM0\ARM_GCC_541\Debug\ADC_SAR_Seq_IRQ.o"
Deleting file ".\CortexM0\ARM_GCC_541\Debug\ADC_SAR_Seq_intClock.o"
Deleting file ".\CortexM0\ARM_GCC_541\Debug\Cm0Start.o"
Deleting file ".\CortexM0\ARM_GCC_541\Debug\CyFlash.o"
Deleting file ".\CortexM0\ARM_GCC_541\Debug\CyLib.o"
Deleting file ".\CortexM0\ARM_GCC_541\Debug\cyPm.o"
Deleting file ".\CortexM0\ARM_GCC_541\Debug\cyutils.o"
Deleting file ".\CortexM0\ARM_GCC_541\Debug\CyBootAsmGnu.o"
Deleting file ".\CortexM0\ARM_GCC_541\Debug\CyLFClk.o"
Deleting file ".\CortexM0\ARM_GCC_541\Debug\cy_em_eeprom.o"
Deleting file ".\CortexM0\ARM_GCC_541\Debug\LchA.o"
Deleting file ".\CortexM0\ARM_GCC_541\Debug\LchA_PM.o"
Deleting file ".\CortexM0\ARM_GCC_541\Debug\DIR.o"
Deleting file ".\CortexM0\ARM_GCC_541\Debug\DIR_PM.o"
Deleting file ".\CortexM0\ARM_GCC_541\Debug\DecL.o"
Deleting file ".\CortexM0\ARM_GCC_541\Debug\DecL_PM.o"
Deleting file ".\CortexM0\ARM_GCC_541\Debug\ISR_DecL.o"
Deleting file ".\CortexM0\ARM_GCC_541\Debug\PSoC42rs.hex"
Deleting file ".\CortexM0\ARM_GCC_541\Debug\PSoC42rs.map"
Deleting file ".\PSoC42rs.cycdx"
Deleting file ".\PSoC42rs.svd"
Deleting file ".\PSoC42rs.rpt"
Deleting file ".\PSoC42rs_timing.html"
Deleting file ".\CortexM0\ARM_GCC_541\Debug\.deps\SOURCE_C__ARM_GCC_GENERIC.P"
Deleting file ".\CortexM0\ARM_GCC_541\Debug\.deps\SOURCE_ASM__ARM_GCC_GENERIC.P"
--------------- Clean Succeeded: 02/07/2026 09:02:25 ---------------
